<!DOCTYPE html PUBLIC "-//W3C//DTD XHTML 1.1//EN" "https://www.w3.org/TR/xhtml11/DTD/xhtml11.dtd">
<html xmlns="https://www.w3.org/1999/xhtml">
<head>
<meta http-equiv="content-type" content="text/html; charset=UTF-8"/>
<title>TestNG Report</title>
<style type="text/css">table {margin-bottom:10px;border-collapse:collapse;empty-cells:show}th,td {border:1px solid #009;padding:.25em .5em}th {vertical-align:bottom}td {vertical-align:top}table a {font-weight:bold}.stripe td {background-color: #E6EBF9}.num {text-align:right}.passedodd td {background-color: #3F3}.passedeven td {background-color: #0A0}.skippedodd td {background-color: #DDD}.skippedeven td {background-color: #CCC}.failedodd td,.attn {background-color: #F33}.failedeven td,.stripe .attn {background-color: #D00}.stacktrace {white-space:pre;font-family:monospace}.totop {font-size:85%;text-align:center;border-bottom:2px solid #000}.invisible {display:none}</style>
</head>
<body>
<table>
<tr><th>Test</th><th># Passed</th><th># Skipped</th><th># Retried</th><th># Failed</th><th>Time (ms)</th><th>Included Groups</th><th>Excluded Groups</th></tr>
<tr><th colspan="8">PetStoreSuite</th></tr>
<tr><td><a href="#t0">Test</a></td><td class="num">10</td><td class="num">0</td><td class="num">0</td><td class="num attn">3</td><td class="num">19,494</td><td></td><td></td></tr>
</table>
<table id='summary'><thead><tr><th>Class</th><th>Method</th><th>Start</th><th>Time (ms)</th></tr></thead><tbody><tr><th colspan="4">PetStoreSuite</th></tr></tbody><tbody id="t0"><tr><th colspan="4">Test &#8212; failed</th></tr><tr class="failedeven"><td rowspan="1">testcases.DataDrivenTest</td><td><a href="#m0">DDGetUserTest</a></td><td rowspan="1">1759231065955</td><td rowspan="1">1246</td></tr><tr class="failedodd"><td rowspan="2">testcases.UserTests</td><td><a href="#m1">DeleteUser</a></td><td rowspan="1">1759231058967</td><td rowspan="1">1281</td></tr><tr class="failedodd"><td><a href="#m2">GetUserTest</a></td><td rowspan="1">1759231056349</td><td rowspan="1">1299</td></tr><tr><th colspan="4">Test &#8212; passed</th></tr><tr class="passedeven"><td rowspan="8">testcases.DataDrivenTest</td><td><a href="#m3">DDCreatUserTest</a></td><td rowspan="3">1759231063376</td><td rowspan="3">1289</td></tr><tr class="passedeven"><td><a href="#m4">DDCreatUserTest</a></td></tr><tr class="passedeven"><td><a href="#m5">DDCreatUserTest</a></td></tr><tr class="passedeven"><td><a href="#m6">DDDeleteUserTest</a></td><td rowspan="3">1759231069861</td><td rowspan="3">1274</td></tr><tr class="passedeven"><td><a href="#m7">DDDeleteUserTest</a></td></tr><tr class="passedeven"><td><a href="#m8">DDDeleteUserTest</a></td></tr><tr class="passedeven"><td><a href="#m9">DDGetUserTest</a></td><td rowspan="2">1759231064692</td><td rowspan="2">1261</td></tr><tr class="passedeven"><td><a href="#m10">DDGetUserTest</a></td></tr><tr class="passedodd"><td rowspan="2">testcases.UserTests</td><td><a href="#m11">CreateUserTest</a></td><td rowspan="1">1759231053285</td><td rowspan="1">3053</td></tr><tr class="passedodd"><td><a href="#m12">UpdateUserTest</a></td><td rowspan="1">1759231057650</td><td rowspan="1">1316</td></tr></tbody>
</table>
<h2>Test</h2><h3 id="m0">testcases.DataDrivenTest#DDGetUserTest</h3><table class="result"><tr class="param"><th>Parameter #1</th></tr><tr class="param stripe"><td>rajkumar</td></tr><tr><th>Exception</th></tr><tr><td><div class="stacktrace">java.lang.AssertionError: expected [200] but found [404]
	at testcases.DataDrivenTest.DDGetUserTest(DataDrivenTest.java:44)
	at java.base/java.util.ArrayList.forEach(ArrayList.java:1596)
... Removed 32 stack frames</div></td></tr></table><p class="totop"><a href="#summary">back to summary</a></p>
<h3 id="m1">testcases.UserTests#DeleteUser</h3><table class="result"><tr><th>Exception</th></tr><tr><td><div class="stacktrace">java.lang.AssertionError: expected [200] but found [404]
	at testcases.UserTests.DeleteUser(UserTests.java:74)
	at java.base/java.util.ArrayList.forEach(ArrayList.java:1596)
... Removed 32 stack frames</div></td></tr></table><p class="totop"><a href="#summary">back to summary</a></p>
<h3 id="m2">testcases.UserTests#GetUserTest</h3><table class="result"><tr><th>Exception</th></tr><tr><td><div class="stacktrace">java.lang.AssertionError: expected [200] but found [404]
	at testcases.UserTests.GetUserTest(UserTests.java:49)
	at java.base/java.util.ArrayList.forEach(ArrayList.java:1596)
... Removed 32 stack frames</div></td></tr></table><p class="totop"><a href="#summary">back to summary</a></p>
<h3 id="m3">testcases.DataDrivenTest#DDCreatUserTest</h3><table class="result"><tr class="param"><th>Parameter #1</th><th>Parameter #2</th><th>Parameter #3</th><th>Parameter #4</th><th>Parameter #5</th><th>Parameter #6</th><th>Parameter #7</th><th>Parameter #8</th></tr><tr class="param stripe"><td>333</td><td>aswinchander</td><td>aswin</td><td>chander</td><td>aswin123@gmail.com</td><td>aswin@123</td><td>98754879</td><td>0</td></tr></table><p class="totop"><a href="#summary">back to summary</a></p>
<h3 id="m4">testcases.DataDrivenTest#DDCreatUserTest</h3><table class="result"><tr class="param"><th>Parameter #1</th><th>Parameter #2</th><th>Parameter #3</th><th>Parameter #4</th><th>Parameter #5</th><th>Parameter #6</th><th>Parameter #7</th><th>Parameter #8</th></tr><tr class="param stripe"><td>111</td><td>ramkumar</td><td>ram</td><td>kumar</td><td>ramkumar123@gmail.com</td><td>ram@123</td><td>987654321</td><td>0</td></tr></table><p class="totop"><a href="#summary">back to summary</a></p>
<h3 id="m5">testcases.DataDrivenTest#DDCreatUserTest</h3><table class="result"><tr class="param"><th>Parameter #1</th><th>Parameter #2</th><th>Parameter #3</th><th>Parameter #4</th><th>Parameter #5</th><th>Parameter #6</th><th>Parameter #7</th><th>Parameter #8</th></tr><tr class="param stripe"><td>222</td><td>rajkumar</td><td>raj</td><td>kumar</td><td>rajkumar123@gmail.com</td><td>raj@123</td><td>568746213</td><td>0</td></tr></table><p class="totop"><a href="#summary">back to summary</a></p>
<h3 id="m6">testcases.DataDrivenTest#DDDeleteUserTest</h3><table class="result"><tr class="param"><th>Parameter #1</th></tr><tr class="param stripe"><td>rajkumar</td></tr></table><p class="totop"><a href="#summary">back to summary</a></p>
<h3 id="m7">testcases.DataDrivenTest#DDDeleteUserTest</h3><table class="result"><tr class="param"><th>Parameter #1</th></tr><tr class="param stripe"><td>aswinchander</td></tr></table><p class="totop"><a href="#summary">back to summary</a></p>
<h3 id="m8">testcases.DataDrivenTest#DDDeleteUserTest</h3><table class="result"><tr class="param"><th>Parameter #1</th></tr><tr class="param stripe"><td>ramkumar</td></tr></table><p class="totop"><a href="#summary">back to summary</a></p>
<h3 id="m9">testcases.DataDrivenTest#DDGetUserTest</h3><table class="result"><tr class="param"><th>Parameter #1</th></tr><tr class="param stripe"><td>ramkumar</td></tr></table><p class="totop"><a href="#summary">back to summary</a></p>
<h3 id="m10">testcases.DataDrivenTest#DDGetUserTest</h3><table class="result"><tr class="param"><th>Parameter #1</th></tr><tr class="param stripe"><td>aswinchander</td></tr></table><p class="totop"><a href="#summary">back to summary</a></p>
<h3 id="m11">testcases.UserTests#CreateUserTest</h3><table class="result"><tr><th class="invisible"/></tr></table><p class="totop"><a href="#summary">back to summary</a></p>
<h3 id="m12">testcases.UserTests#UpdateUserTest</h3><table class="result"><tr><th class="invisible"/></tr></table><p class="totop"><a href="#summary">back to summary</a></p>
</body>
</html>
