<?xml version="1.0" encoding="UTF-8"?>
<!-- Generated by org.testng.reporters.JUnitXMLReporter -->
<testsuite ignored="2" hostname="DESKTOP-SFFV14K" failures="0" tests="3" name="Default test" time="6.069" errors="0" timestamp="2025-09-26T16:36:51 IST">
  <testcase classname="testcases.DataDrivenTest" name="DDDeleteUserTest" time="2.842"/>
  <testcase classname="testcases.DataDrivenTest" name="DDDeleteUserTest" time="1.332"/>
  <testcase classname="testcases.DataDrivenTest" name="DDDeleteUserTest" time="1.324"/>
  <testcase classname="testcases.DataDrivenTest" name="DDCreatUserTest" time="0.0">
    <ignored/>
  </testcase> <!-- DDCreatUserTest -->
  <testcase classname="testcases.DataDrivenTest" name="DDGetUserTest" time="0.0">
    <ignored/>
  </testcase> <!-- DDGetUserTest -->
</testsuite> <!-- Default test -->
