<?xml version="1.0" encoding="UTF-8"?>
<!-- Generated by org.testng.reporters.JUnitXMLReporter -->
<testsuite ignored="0" hostname="DESKTOP-SFFV14K" failures="4" tests="7" name="Test" time="8.024" errors="0" timestamp="2025-10-29T14:45:49 IST">
  <testcase classname="testcases.DataDrivenTest" name="DDCreatUserTest" time="0.0">
    <failure type="java.lang.RuntimeException" message="java.io.FileNotFoundException: C:\Users\TrafficLaunch\eclipse-workspace\PetStore\datas\datas.xlsx (The system cannot find the path specified)">
      <![CDATA[java.lang.RuntimeException: java.io.FileNotFoundException: C:\Users\TrafficLaunch\eclipse-workspace\PetStore\datas\datas.xlsx (The system cannot find the path specified)
at java.base/java.util.concurrent.Executors$RunnableAdapter.call(Executors.java:572)
at java.base/java.util.concurrent.FutureTask.run(FutureTask.java:317)
at java.base/java.util.concurrent.ThreadPoolExecutor.runWorker(ThreadPoolExecutor.java:1144)
at java.base/java.util.concurrent.ThreadPoolExecutor$Worker.run(ThreadPoolExecutor.java:642)
at java.base/java.lang.Thread.run(Thread.java:1583)
Caused by: java.io.FileNotFoundException: C:\Users\TrafficLaunch\eclipse-workspace\PetStore\datas\datas.xlsx (The system cannot find the path specified)
at java.base/java.io.FileInputStream.open0(Native Method)
at java.base/java.io.FileInputStream.open(FileInputStream.java:213)
at java.base/java.io.FileInputStream.<init>(FileInputStream.java:152)
at java.base/java.io.FileInputStream.<init>(FileInputStream.java:106)
at utilities.dataProviders.excelData(dataProviders.java:21)
... 15 more
... Removed 16 stack frames]]>
    </failure>
  </testcase> <!-- DDCreatUserTest -->
  <testcase classname="testcases.DataDrivenTest" name="DDGetUserTest" time="0.0">
    <failure type="java.lang.RuntimeException" message="java.io.FileNotFoundException: C:\Users\TrafficLaunch\eclipse-workspace\PetStore\datas\datas.xlsx (The system cannot find the path specified)">
      <![CDATA[java.lang.RuntimeException: java.io.FileNotFoundException: C:\Users\TrafficLaunch\eclipse-workspace\PetStore\datas\datas.xlsx (The system cannot find the path specified)
at java.base/java.util.concurrent.Executors$RunnableAdapter.call(Executors.java:572)
at java.base/java.util.concurrent.FutureTask.run(FutureTask.java:317)
at java.base/java.util.concurrent.ThreadPoolExecutor.runWorker(ThreadPoolExecutor.java:1144)
at java.base/java.util.concurrent.ThreadPoolExecutor$Worker.run(ThreadPoolExecutor.java:642)
at java.base/java.lang.Thread.run(Thread.java:1583)
Caused by: java.io.FileNotFoundException: C:\Users\TrafficLaunch\eclipse-workspace\PetStore\datas\datas.xlsx (The system cannot find the path specified)
at java.base/java.io.FileInputStream.open0(Native Method)
at java.base/java.io.FileInputStream.open(FileInputStream.java:213)
at java.base/java.io.FileInputStream.<init>(FileInputStream.java:152)
at java.base/java.io.FileInputStream.<init>(FileInputStream.java:106)
at utilities.dataProviders.ExcelUserName(dataProviders.java:51)
... 15 more
... Removed 16 stack frames]]>
    </failure>
  </testcase> <!-- DDGetUserTest -->
  <testcase classname="testcases.DataDrivenTest" name="DDDeleteUserTest" time="0.0">
    <failure type="java.lang.RuntimeException" message="java.io.FileNotFoundException: C:\Users\TrafficLaunch\eclipse-workspace\PetStore\datas\datas.xlsx (The system cannot find the path specified)">
      <![CDATA[java.lang.RuntimeException: java.io.FileNotFoundException: C:\Users\TrafficLaunch\eclipse-workspace\PetStore\datas\datas.xlsx (The system cannot find the path specified)
at java.base/java.util.concurrent.Executors$RunnableAdapter.call(Executors.java:572)
at java.base/java.util.concurrent.FutureTask.run(FutureTask.java:317)
at java.base/java.util.concurrent.ThreadPoolExecutor.runWorker(ThreadPoolExecutor.java:1144)
at java.base/java.util.concurrent.ThreadPoolExecutor$Worker.run(ThreadPoolExecutor.java:642)
at java.base/java.lang.Thread.run(Thread.java:1583)
Caused by: java.io.FileNotFoundException: C:\Users\TrafficLaunch\eclipse-workspace\PetStore\datas\datas.xlsx (The system cannot find the path specified)
at java.base/java.io.FileInputStream.open0(Native Method)
at java.base/java.io.FileInputStream.open(FileInputStream.java:213)
at java.base/java.io.FileInputStream.<init>(FileInputStream.java:152)
at java.base/java.io.FileInputStream.<init>(FileInputStream.java:106)
at utilities.dataProviders.ExcelUserName(dataProviders.java:51)
... 15 more
... Removed 16 stack frames]]>
    </failure>
  </testcase> <!-- DDDeleteUserTest -->
  <testcase classname="testcases.UserTests" name="CreateUserTest" time="3.711"/>
  <testcase classname="testcases.UserTests" name="GetUserTest" time="1.354">
    <failure type="java.lang.AssertionError" message="expected [200] but found [404]">
      <![CDATA[java.lang.AssertionError: expected [200] but found [404]
at testcases.UserTests.GetUserTest(UserTests.java:49)
at java.base/java.util.concurrent.Executors$RunnableAdapter.call(Executors.java:572)
at java.base/java.util.concurrent.FutureTask.run(FutureTask.java:317)
at java.base/java.util.concurrent.ThreadPoolExecutor.runWorker(ThreadPoolExecutor.java:1144)
at java.base/java.util.concurrent.ThreadPoolExecutor$Worker.run(ThreadPoolExecutor.java:642)
at java.base/java.lang.Thread.run(Thread.java:1583)
... Removed 18 stack frames]]>
    </failure>
  </testcase> <!-- GetUserTest -->
  <testcase classname="testcases.UserTests" name="UpdateUserTest" time="1.303"/>
  <testcase classname="testcases.UserTests" name="DeleteUser" time="1.318"/>
</testsuite> <!-- Test -->
