<?xml version="1.0" encoding="UTF-8"?>
<testng-results ignored="0" total="1" passed="1" failed="0" skipped="0">
  <reporter-output>
  </reporter-output>
  <suite started-at="2026-02-25T20:09:18 IST" name="Default suite" finished-at="2026-02-25T20:09:22 IST" duration-ms="4771">
    <groups>
    </groups>
    <test started-at="2026-02-25T20:09:18 IST" name="Default test" finished-at="2026-02-25T20:09:22 IST" duration-ms="4771">
      <class name="testcases.PetTests">
        <test-method is-config="true" signature="setUpData()[pri:0, instance:testcases.PetTests@68e5eea7]" started-at="2026-02-25T20:09:18 IST" name="setUpData" finished-at="2026-02-25T20:09:18 IST" duration-ms="159" status="PASS">
          <reporter-output>
          </reporter-output>
        </test-method> <!-- setUpData -->
        <test-method signature="addNewPet()[pri:0, instance:testcases.PetTests@68e5eea7]" started-at="2026-02-25T20:09:18 IST" name="addNewPet" finished-at="2026-02-25T20:09:22 IST" duration-ms="4577" status="PASS">
          <reporter-output>
          </reporter-output>
        </test-method> <!-- addNewPet -->
      </class> <!-- testcases.PetTests -->
    </test> <!-- Default test -->
  </suite> <!-- Default suite -->
</testng-results>
