<?xml version="1.0" encoding="UTF-8"?>
<!-- Generated by org.testng.reporters.JUnitXMLReporter -->
<testsuite ignored="0" hostname="DESKTOP-SFFV14K" failures="3" tests="13" name="Test" time="19.494" errors="0" timestamp="2025-09-30T16:47:52 IST">
  <testcase classname="testcases.UserTests" name="CreateUserTest" time="3.053"/>
  <testcase classname="testcases.UserTests" name="GetUserTest" time="1.299">
    <failure type="java.lang.AssertionError" message="expected [200] but found [404]">
      <![CDATA[java.lang.AssertionError: expected [200] but found [404]
at testcases.UserTests.GetUserTest(UserTests.java:49)
at java.base/java.util.ArrayList.forEach(ArrayList.java:1596)
... Removed 32 stack frames]]>
    </failure>
  </testcase> <!-- GetUserTest -->
  <testcase classname="testcases.UserTests" name="UpdateUserTest" time="1.316"/>
  <testcase classname="testcases.UserTests" name="DeleteUser" time="1.281">
    <failure type="java.lang.AssertionError" message="expected [200] but found [404]">
      <![CDATA[java.lang.AssertionError: expected [200] but found [404]
at testcases.UserTests.DeleteUser(UserTests.java:74)
at java.base/java.util.ArrayList.forEach(ArrayList.java:1596)
... Removed 32 stack frames]]>
    </failure>
  </testcase> <!-- DeleteUser -->
  <testcase classname="testcases.DataDrivenTest" name="DDCreatUserTest" time="1.277"/>
  <testcase classname="testcases.DataDrivenTest" name="DDCreatUserTest" time="1.307"/>
  <testcase classname="testcases.DataDrivenTest" name="DDCreatUserTest" time="1.289"/>
  <testcase classname="testcases.DataDrivenTest" name="DDGetUserTest" time="1.261"/>
  <testcase classname="testcases.DataDrivenTest" name="DDGetUserTest" time="1.246">
    <failure type="java.lang.AssertionError" message="expected [200] but found [404]">
      <![CDATA[java.lang.AssertionError: expected [200] but found [404]
at testcases.DataDrivenTest.DDGetUserTest(DataDrivenTest.java:44)
at java.base/java.util.ArrayList.forEach(ArrayList.java:1596)
... Removed 32 stack frames]]>
    </failure>
  </testcase> <!-- DDGetUserTest -->
  <testcase classname="testcases.DataDrivenTest" name="DDGetUserTest" time="1.316"/>
  <testcase classname="testcases.DataDrivenTest" name="DDDeleteUserTest" time="1.32"/>
  <testcase classname="testcases.DataDrivenTest" name="DDDeleteUserTest" time="1.274"/>
  <testcase classname="testcases.DataDrivenTest" name="DDDeleteUserTest" time="1.26"/>
</testsuite> <!-- Test -->
